
> hopson-seguranca@1.0.0 build
> next build

  ▲ Next.js 14.2.0

   Creating an optimized production build ...
 ⚠ For production Image Optimization with Next.js, the optional 'sharp' package is strongly recommended. Run 'npm i sharp', and Next.js will use it automatically for Image Optimization.
Read more: https://nextjs.org/docs/messages/sharp-missing-in-production
 ✓ Compiled successfully
   Linting and checking validity of types ...
   Collecting page data ...
   Generating static pages (0/5) ...
   Generating static pages (1/5) 
   Generating static pages (2/5) 
   Generating static pages (3/5) 
 ✓ Generating static pages (5/5)
   Finalizing page optimization ...
   Collecting build traces ...

Route (app)                              Size     First Load JS
┌ ○ /                                    35.1 kB         122 kB
└ ○ /_not-found                          871 B          87.8 kB
+ First Load JS shared by all            86.9 kB
  ├ chunks/23-8ef033a85c689a2e.js        31.3 kB
  ├ chunks/fd9d1056-e4450f0b5db17738.js  53.6 kB
  └ other shared chunks (total)          1.96 kB


○  (Static)  prerendered as static content

